Using pre-set license
Built from '2020.3/staging' branch; Version is '2020.3.33f1 (915a7af8b0d5) revision 9525882'; Using compiler version '192528614'; Build Type 'Release'
OS: 'Windows 10  (10.0.19044) 64bit Professional' Language: 'pt' Physical Memory: 8128 MB
BatchMode: 1, IsHumanControllingUs: 0, StartBugReporterOnCrash: 0, Is64bit: 1, IsPro: 0

COMMAND LINE ARGUMENTS:
C:\Program Files\Unity\Hub\Editor\2020.3.33f1\Editor\Unity.exe
-adb2
-batchMode
-noUpm
-name
AssetImportWorker0
-projectPath
C:/repos/Swipe Fight/Swipe-Fight-Project/Swipe Fight Project
-logFile
Logs/AssetImportWorker0.log
-srvPort
49732
Successfully changed project path to: C:/repos/Swipe Fight/Swipe-Fight-Project/Swipe Fight Project
C:/repos/Swipe Fight/Swipe-Fight-Project/Swipe Fight Project
Using Asset Import Pipeline V2.
Refreshing native plugins compatible for Editor in 35.87 ms, found 2 plugins.
Preloading 0 native plugins for Editor in 0.00 ms.
Initialize engine version: 2020.3.33f1 (915a7af8b0d5)
[Subsystems] Discovering subsystems at path C:/Program Files/Unity/Hub/Editor/2020.3.33f1/Editor/Data/Resources/UnitySubsystems
[Subsystems] Discovering subsystems at path C:/repos/Swipe Fight/Swipe-Fight-Project/Swipe Fight Project/Assets
GfxDevice: creating device client; threaded=0
Direct3D:
    Version:  Direct3D 11.0 [level 11.1]
    Renderer: AMD Radeon RX 6800 (ID=0x73bf)
    Vendor:   
    VRAM:     16338 MB
    Driver:   30.0.15002.1004
Initialize mono
Mono path[0] = 'C:/Program Files/Unity/Hub/Editor/2020.3.33f1/Editor/Data/Managed'
Mono path[1] = 'C:/Program Files/Unity/Hub/Editor/2020.3.33f1/Editor/Data/MonoBleedingEdge/lib/mono/unityjit'
Mono config path = 'C:/Program Files/Unity/Hub/Editor/2020.3.33f1/Editor/Data/MonoBleedingEdge/etc'
Using monoOptions --debugger-agent=transport=dt_socket,embedding=1,server=y,suspend=n,address=127.0.0.1:56672
Begin MonoManager ReloadAssembly
Registering precompiled unity dll's ...
Register platform support module: C:/Program Files/Unity/Hub/Editor/2020.3.33f1/Editor/Data/PlaybackEngines/WebGLSupport/UnityEditor.WebGL.Extensions.dll
Register platform support module: C:/Program Files/Unity/Hub/Editor/2020.3.33f1/Editor/Data/PlaybackEngines/WindowsStandaloneSupport/UnityEditor.WindowsStandalone.Extensions.dll
Registered in 0.003244 seconds.
Native extension for WindowsStandalone target not found
Native extension for WebGL target not found
Refreshing native plugins compatible for Editor in 34.57 ms, found 2 plugins.
Preloading 0 native plugins for Editor in 0.00 ms.
Mono: successfully reloaded assembly
- Completed reload, in  0.718 seconds
Domain Reload Profiling:
	ReloadAssembly (718ms)
		BeginReloadAssembly (80ms)
			ExecutionOrderSort (0ms)
			DisableScriptedObjects (0ms)
			BackupInstance (0ms)
			ReleaseScriptingObjects (0ms)
			CreateAndSetChildDomain (1ms)
		EndReloadAssembly (544ms)
			LoadAssemblies (78ms)
			RebuildTransferFunctionScriptingTraits (0ms)
			SetupTypeCache (179ms)
			ReleaseScriptCaches (0ms)
			RebuildScriptCaches (43ms)
			SetupLoadedEditorAssemblies (201ms)
				LogAssemblyErrors (0ms)
				InitializePlatformSupportModulesInManaged (6ms)
				SetLoadedEditorAssemblies (0ms)
				RefreshPlugins (35ms)
				BeforeProcessingInitializeOnLoad (17ms)
				ProcessInitializeOnLoadAttributes (108ms)
				ProcessInitializeOnLoadMethodAttributes (34ms)
				AfterProcessingInitializeOnLoad (0ms)
				EditorAssembliesLoaded (0ms)
			ExecutionOrderSort2 (0ms)
			AwakeInstancesAfterBackupRestoration (0ms)
Platform modules already initialized, skipping
Registering precompiled user dll's ...
Registered in 0.004456 seconds.
Begin MonoManager ReloadAssembly
Symbol file LoadedFromMemory doesn't match image C:\repos\Swipe Fight\Swipe-Fight-Project\Swipe Fight Project\Library\PackageCache\com.unity.collab-proxy@1.15.15\Lib\Editor\PlasticSCM\unityplastic.dll
Native extension for WindowsStandalone target not found
Native extension for WebGL target not found
Refreshing native plugins compatible for Editor in 0.36 ms, found 2 plugins.
Preloading 0 native plugins for Editor in 0.00 ms.
Mono: successfully reloaded assembly
- Completed reload, in  1.222 seconds
Domain Reload Profiling:
	ReloadAssembly (1224ms)
		BeginReloadAssembly (181ms)
			ExecutionOrderSort (0ms)
			DisableScriptedObjects (6ms)
			BackupInstance (0ms)
			ReleaseScriptingObjects (0ms)
			CreateAndSetChildDomain (20ms)
		EndReloadAssembly (965ms)
			LoadAssemblies (117ms)
			RebuildTransferFunctionScriptingTraits (0ms)
			SetupTypeCache (313ms)
			ReleaseScriptCaches (1ms)
			RebuildScriptCaches (62ms)
			SetupLoadedEditorAssemblies (378ms)
				LogAssemblyErrors (0ms)
				InitializePlatformSupportModulesInManaged (6ms)
				SetLoadedEditorAssemblies (1ms)
				RefreshPlugins (0ms)
				BeforeProcessingInitializeOnLoad (97ms)
				ProcessInitializeOnLoadAttributes (253ms)
				ProcessInitializeOnLoadMethodAttributes (11ms)
				AfterProcessingInitializeOnLoad (9ms)
				EditorAssembliesLoaded (0ms)
			ExecutionOrderSort2 (0ms)
			AwakeInstancesAfterBackupRestoration (8ms)
Platform modules already initialized, skipping
========================================================================
Worker process is ready to serve import requests
Launched and connected shader compiler UnityShaderCompiler.exe after 0.07 seconds
Refreshing native plugins compatible for Editor in 0.36 ms, found 2 plugins.
Preloading 0 native plugins for Editor in 0.00 ms.
Unloading 1508 Unused Serialized files (Serialized files now loaded: 0)
System memory in use before: 68.6 MB.
System memory in use after: 68.6 MB.

Unloading 16 unused Assets to reduce memory usage. Loaded Objects now: 1944.
Total: 3.357900 ms (FindLiveObjects: 0.176900 ms CreateObjectMapping: 0.045000 ms MarkObjects: 3.057900 ms  DeleteObjects: 0.076900 ms)

AssetImportParameters requested are different than current active one (requested -> active):
  custom:framework-win-MediaFoundation: 216162199b28c13a410421893ffa2e32 -> 
  custom:video-decoder-ogg-theora: a1e56fd34408186e4bbccfd4996cb3dc -> 
  custom:container-muxer-webm: aa71ff27fc2769a1b78a27578f13a17b -> 
  custom:container-demuxer-webm: 4f35f7cbe854078d1ac9338744f61a02 -> 
  custom:container-demuxer-ogg: 62fdf1f143b41e24485cea50d1cbac27 -> 
  custom:video-encoder-webm-vp8: eb34c28f22e8b96e1ab97ce403110664 -> 
  custom:video-decoder-webm-vp8: 9c59270c3fd7afecdb556c50c9e8de78 -> 
  custom:audio-decoder-ogg-vorbis: bf7c407c2cedff20999df2af8eb42d56 -> 
  custom:audio-encoder-webm-vorbis: bf7c407c2cedff20999df2af8eb42d56 -> 
========================================================================
Received Import Request.
  path: Assets
  artifactKey: Guid(00000000000000001000000000000000) Importer(815301076,1909f56bfc062723c751e8b465ee728b)
Start importing Assets using Guid(00000000000000001000000000000000) Importer(815301076,1909f56bfc062723c751e8b465ee728b)  -> (artifact id: '42d402b061de3733987d63b9cc3b64de') in 0.010616 seconds 
========================================================================
Received Import Request.
  Time since last request: 3.006630 seconds.
  path: Assets/Assets Pack
  artifactKey: Guid(69fdba12e82a742409880acab0152196) Importer(815301076,1909f56bfc062723c751e8b465ee728b)
Start importing Assets/Assets Pack using Guid(69fdba12e82a742409880acab0152196) Importer(815301076,1909f56bfc062723c751e8b465ee728b)  -> (artifact id: 'fe776364256465001ff6c2ed299b54da') in 0.009350 seconds 
========================================================================
Received Import Request.
  Time since last request: 104.934154 seconds.
  path: Assets/Assets Pack/PolygonPrototype
  artifactKey: Guid(9b1c665171e98aa418d6f5f95fa0bd6d) Importer(815301076,1909f56bfc062723c751e8b465ee728b)
Start importing Assets/Assets Pack/PolygonPrototype using Guid(9b1c665171e98aa418d6f5f95fa0bd6d) Importer(815301076,1909f56bfc062723c751e8b465ee728b)  -> (artifact id: 'bd8aa85ec537293f421cdbd637170c01') in 0.008563 seconds 
========================================================================
Received Import Request.
  Time since last request: 1.665452 seconds.
  path: Assets/Assets Pack/PolygonPrototype/Scenes
  artifactKey: Guid(b062322faa4a9d94592dff73f39ddc30) Importer(815301076,1909f56bfc062723c751e8b465ee728b)
Start importing Assets/Assets Pack/PolygonPrototype/Scenes using Guid(b062322faa4a9d94592dff73f39ddc30) Importer(815301076,1909f56bfc062723c751e8b465ee728b)  -> (artifact id: '7aeae7ddb7f0a440160135c90da91e56') in 0.008925 seconds 
========================================================================
Received Import Request.
  Time since last request: 0.639522 seconds.
  path: Assets/Assets Pack/PolygonPrototype/Prefabs
  artifactKey: Guid(f90180b1ee031f748974af4aabf3c126) Importer(815301076,1909f56bfc062723c751e8b465ee728b)
Start importing Assets/Assets Pack/PolygonPrototype/Prefabs using Guid(f90180b1ee031f748974af4aabf3c126) Importer(815301076,1909f56bfc062723c751e8b465ee728b)  -> (artifact id: '081aac37e7e4d76b2994a6d88235c0d7') in 0.008514 seconds 
========================================================================
Received Import Request.
  Time since last request: 2.066074 seconds.
  path: Assets/Assets Pack/PolygonPrototype/Prefabs/Characters
  artifactKey: Guid(9caeb5f285f269547b4d043e7e46eb55) Importer(815301076,1909f56bfc062723c751e8b465ee728b)
Start importing Assets/Assets Pack/PolygonPrototype/Prefabs/Characters using Guid(9caeb5f285f269547b4d043e7e46eb55) Importer(815301076,1909f56bfc062723c751e8b465ee728b)  -> (artifact id: '0b07cc1e2548c67e8dc8ee55fea4ae19') in 0.009324 seconds 
========================================================================
Received Import Request.
  Time since last request: 1.782581 seconds.
  path: Assets/Assets Pack/PolygonPrototype/Prefabs/Characters/Character_Male_Face_01.prefab
  artifactKey: Guid(194f8fbf67729fd40936b3465af2cc47) Importer(815301076,1909f56bfc062723c751e8b465ee728b)
Start importing Assets/Assets Pack/PolygonPrototype/Prefabs/Characters/Character_Male_Face_01.prefab using Guid(194f8fbf67729fd40936b3465af2cc47) Importer(815301076,1909f56bfc062723c751e8b465ee728b)  -> (artifact id: '400deeb2c0f7c250cef8df8f992e80df') in 0.380030 seconds 
========================================================================
Received Import Request.
  Time since last request: 4.961598 seconds.
  path: Assets/Assets Pack/PolygonPrototype/Prefabs/Characters/Character_Dummy_Male_01.prefab
  artifactKey: Guid(2f3e27eecb190e44a9af50723c394274) Importer(815301076,1909f56bfc062723c751e8b465ee728b)
Start importing Assets/Assets Pack/PolygonPrototype/Prefabs/Characters/Character_Dummy_Male_01.prefab using Guid(2f3e27eecb190e44a9af50723c394274) Importer(815301076,1909f56bfc062723c751e8b465ee728b)  -> (artifact id: '5cf3c2bae5d70caabc02187aedd5cda0') in 0.031719 seconds 
========================================================================
Received Import Request.
  Time since last request: 268.426632 seconds.
  path: Assets/Assets Pack/PolygonPrototype/Models
  artifactKey: Guid(a7e286d2d69bb5c45b1c011205ae3b8d) Importer(815301076,1909f56bfc062723c751e8b465ee728b)
Start importing Assets/Assets Pack/PolygonPrototype/Models using Guid(a7e286d2d69bb5c45b1c011205ae3b8d) Importer(815301076,1909f56bfc062723c751e8b465ee728b)  -> (artifact id: '9cd9a71fd7d878ce8e488a480b2648e4') in 0.007798 seconds 
========================================================================
Received Import Request.
  Time since last request: 2.864011 seconds.
  path: Assets/Assets Pack/PolygonPrototype/Models/Characters.fbx
  artifactKey: Guid(b5f71c859f9f9bf41badda8a4650082c) Importer(815301076,1909f56bfc062723c751e8b465ee728b)
Start importing Assets/Assets Pack/PolygonPrototype/Models/Characters.fbx using Guid(b5f71c859f9f9bf41badda8a4650082c) Importer(815301076,1909f56bfc062723c751e8b465ee728b)  -> (artifact id: 'b857b6ae4f5d2e231d04939e6050f9c3') in 0.129394 seconds 
========================================================================
Received Import Request.
  Time since last request: 367.834323 seconds.
  path: Assets/Game
  artifactKey: Guid(d9c6308390097b846828a19613e9f74b) Importer(815301076,1909f56bfc062723c751e8b465ee728b)
Start importing Assets/Game using Guid(d9c6308390097b846828a19613e9f74b) Importer(815301076,1909f56bfc062723c751e8b465ee728b)  -> (artifact id: '4dabec8cbeafb962fea889be89d968fd') in 0.007506 seconds 
========================================================================
Received Import Request.
  Time since last request: 8.729529 seconds.
  path: Assets/Game/Terrain
  artifactKey: Guid(289f49ab257f2a1459651dccab940273) Importer(815301076,1909f56bfc062723c751e8b465ee728b)
Start importing Assets/Game/Terrain using Guid(289f49ab257f2a1459651dccab940273) Importer(815301076,1909f56bfc062723c751e8b465ee728b)  -> (artifact id: '3e10cc07fc44fa929bac2eb90a5c889f') in 0.007133 seconds 
========================================================================
Received Import Request.
  Time since last request: 1.512509 seconds.
  path: Assets/Game/New Terrain.asset
  artifactKey: Guid(d96bca01ee3e48f46b694a0db77482a0) Importer(815301076,1909f56bfc062723c751e8b465ee728b)
Start importing Assets/Game/New Terrain.asset using Guid(d96bca01ee3e48f46b694a0db77482a0) Importer(815301076,1909f56bfc062723c751e8b465ee728b)  -> (artifact id: '8db97f6649edd638e6c2dabf8a88c8a5') in 0.019741 seconds 
========================================================================
Received Import Request.
  Time since last request: 2.520851 seconds.
  path: Assets/Game/Base Terrain.asset
  artifactKey: Guid(d96bca01ee3e48f46b694a0db77482a0) Importer(815301076,1909f56bfc062723c751e8b465ee728b)
Start importing Assets/Game/Base Terrain.asset using Guid(d96bca01ee3e48f46b694a0db77482a0) Importer(815301076,1909f56bfc062723c751e8b465ee728b)  -> (artifact id: 'a97ae10657cf2a5d83dad695c03c00df') in 0.012367 seconds 
========================================================================
Received Import Request.
  Time since last request: 7.915800 seconds.
  path: Assets/Game/Animations
  artifactKey: Guid(c2d9abe8b96aec346a124077679b345c) Importer(815301076,1909f56bfc062723c751e8b465ee728b)
Start importing Assets/Game/Animations using Guid(c2d9abe8b96aec346a124077679b345c) Importer(815301076,1909f56bfc062723c751e8b465ee728b)  -> (artifact id: '81b1251a271e5f211e891117b3a28b45') in 0.007654 seconds 
AssetImportWorkerClient::OnTransportError - code=2 error=End of file
